0 info it worked if it ends with ok
1 verbose cli [
1 verbose cli   '/usr/local/Cellar/node/12.8.0/bin/node',
1 verbose cli   '/usr/local/bin/npm',
1 verbose cli   'run',
1 verbose cli   'build'
1 verbose cli ]
2 info using npm@6.10.3
3 info using node@v12.8.0
4 verbose stack Error: missing script: build
4 verbose stack     at run (/usr/local/lib/node_modules/npm/lib/run-script.js:155:19)
4 verbose stack     at /usr/local/lib/node_modules/npm/lib/run-script.js:63:5
4 verbose stack     at /usr/local/lib/node_modules/npm/node_modules/read-package-json/read-json.js:115:5
4 verbose stack     at /usr/local/lib/node_modules/npm/node_modules/read-package-json/read-json.js:418:5
4 verbose stack     at checkBinReferences_ (/usr/local/lib/node_modules/npm/node_modules/read-package-json/read-json.js:373:45)
4 verbose stack     at final (/usr/local/lib/node_modules/npm/node_modules/read-package-json/read-json.js:416:3)
4 verbose stack     at then (/usr/local/lib/node_modules/npm/node_modules/read-package-json/read-json.js:160:5)
4 verbose stack     at ReadFileContext.<anonymous> (/usr/local/lib/node_modules/npm/node_modules/read-package-json/read-json.js:332:20)
4 verbose stack     at ReadFileContext.callback (/usr/local/lib/node_modules/npm/node_modules/graceful-fs/graceful-fs.js:90:16)
4 verbose stack     at FSReqCallback.readFileAfterOpen [as oncomplete] (fs.js:246:13)
5 verbose cwd /Users/user/codeclan_homeworks/week_7/day_1/4_homework_todos/4_homework_todos
6 verbose Darwin 18.7.0
7 verbose argv "/usr/local/Cellar/node/12.8.0/bin/node" "/usr/local/bin/npm" "run" "build"
8 verbose node v12.8.0
9 verbose npm  v6.10.3
10 error missing script: build
11 verbose exit [ 1, true ]
