0 info it worked if it ends with ok
1 verbose cli [
1 verbose cli   '/usr/local/Cellar/node/12.8.0/bin/node',
1 verbose cli   '/usr/local/bin/npm',
1 verbose cli   'i',
1 verbose cli   '-D',
1 verbose cli   'webpack',
1 verbose cli   'webpack-cli'
1 verbose cli ]
2 info using npm@6.10.3
3 info using node@v12.8.0
4 verbose npm-session da124ec760736ac4
5 silly install loadCurrentTree
6 silly install readLocalPackageData
7 timing stage:rollbackFailedOptional Completed in 1ms
8 timing stage:runTopLevelLifecycles Completed in 387ms
9 verbose stack Error: Failed to parse json
9 verbose stack Unexpected string in JSON at position 311 while parsing '{
9 verbose stack   "name": "4_homework_todos",
9 verbose stack   "versi'
9 verbose stack     at parseError (/usr/local/lib/node_modules/npm/node_modules/read-package-json/read-json.js:452:11)
9 verbose stack     at parseJson (/usr/local/lib/node_modules/npm/node_modules/read-package-json/read-json.js:104:26)
9 verbose stack     at /usr/local/lib/node_modules/npm/node_modules/read-package-json/read-json.js:51:5
9 verbose stack     at /usr/local/lib/node_modules/npm/node_modules/graceful-fs/graceful-fs.js:90:16
9 verbose stack     at FSReqCallback.readFileAfterClose [as oncomplete] (internal/fs/read_file_context.js:61:3)
10 verbose cwd /Users/user/codeclan_homeworks/week_7/day_1/4_homework_todos
11 verbose Darwin 18.7.0
12 verbose argv "/usr/local/Cellar/node/12.8.0/bin/node" "/usr/local/bin/npm" "i" "-D" "webpack" "webpack-cli"
13 verbose node v12.8.0
14 verbose npm  v6.10.3
15 error code EJSONPARSE
16 error file /Users/user/codeclan_homeworks/week_7/day_1/4_homework_todos/package.json
17 error JSON.parse Failed to parse json
17 error JSON.parse Unexpected string in JSON at position 311 while parsing '{
17 error JSON.parse   "name": "4_homework_todos",
17 error JSON.parse   "versi'
18 error JSON.parse Failed to parse package.json data.
18 error JSON.parse package.json must be actual JSON, not just JavaScript.
19 verbose exit [ 1, true ]
