0 info it worked if it ends with ok
1 verbose cli [
1 verbose cli   '/usr/local/Cellar/node/12.8.0/bin/node',
1 verbose cli   '/usr/local/bin/npm',
1 verbose cli   'run',
1 verbose cli   'build'
1 verbose cli ]
2 info using npm@6.10.3
3 info using node@v12.8.0
4 verbose stack Error: Failed to parse json
4 verbose stack Unexpected string in JSON at position 311 while parsing '{
4 verbose stack   "name": "4_homework_todos",
4 verbose stack   "versi'
4 verbose stack     at parseError (/usr/local/lib/node_modules/npm/node_modules/read-package-json/read-json.js:452:11)
4 verbose stack     at parseJson (/usr/local/lib/node_modules/npm/node_modules/read-package-json/read-json.js:104:26)
4 verbose stack     at /usr/local/lib/node_modules/npm/node_modules/read-package-json/read-json.js:51:5
4 verbose stack     at /usr/local/lib/node_modules/npm/node_modules/graceful-fs/graceful-fs.js:90:16
4 verbose stack     at FSReqCallback.readFileAfterClose [as oncomplete] (internal/fs/read_file_context.js:61:3)
5 verbose cwd /Users/user/codeclan_homeworks/week_7/day_1/4_homework_todos
6 verbose Darwin 18.7.0
7 verbose argv "/usr/local/Cellar/node/12.8.0/bin/node" "/usr/local/bin/npm" "run" "build"
8 verbose node v12.8.0
9 verbose npm  v6.10.3
10 error code EJSONPARSE
11 error file /Users/user/codeclan_homeworks/week_7/day_1/4_homework_todos/package.json
12 error JSON.parse Failed to parse json
12 error JSON.parse Unexpected string in JSON at position 311 while parsing '{
12 error JSON.parse   "name": "4_homework_todos",
12 error JSON.parse   "versi'
13 error JSON.parse Failed to parse package.json data.
13 error JSON.parse package.json must be actual JSON, not just JavaScript.
14 verbose exit [ 1, true ]
